<?xml version="1.0" encoding="UTF-8"?>
<testsuites name="Test Suite -01" time="34.404" tests="2" failures="0" errors="0">
   <testsuite name="Test Suite -01" tests="2" failures="0" errors="0" time="34.404" timestamp="2020-05-13 19:21:52" hostname="IRFAN-PC$ - irfan-PC" id="Test Suites/Test Suite -01">
      <properties>
         <property name="deviceName" value=""/>
         <property name="devicePlatform" value=""/>
         <property name="logFolder" value="C:\\Users\\Administrator\\git\\KatalonTest2\\Reports\\20200513_192144\\Test Suite -01\\20200513_192144"/>
         <property name="logFiles" value="C:\\Users\\Administrator\\git\\KatalonTest2\\Reports\\20200513_192144\\Test Suite -01\\20200513_192144\\execution0.log"/>
         <property name="attachments" value=""/>
         <property name="hostName" value="IRFAN-PC$ - irfan-PC"/>
         <property name="os" value="Windows 10 64bit"/>
         <property name="katalonVersion" value="7.4.0.1"/>
         <property name="browser" value="Chrome 81.0.4044.129"/>
         <property name="hostAddress" value="192.168.87.1"/>
         <property name="sessionId" value="99a77f30ebeb776fae5ff2102183fa72"/>
         <property name="seleniumVersion" value="3.141.59"/>
         <property name="proxyInformation" value="ProxyInformation{proxyOption=NO_PROXY, proxyServerType=HTTP, password=, proxyServerAddress=, proxyServerPort=0, executionList=}"/>
         <property name="platform" value="Windows 10"/>
      </properties>
      <testcase name="Test Cases/TC001" time="15.85" classname="Test Cases/TC001" status="PASSED">
         <system-out><![CDATA[2020-05-13 19:21:53 - [TEST_CASE][PASSED] - Test Cases/TC001: Test Cases/TC001

2020-05-13 19:21:53 - [TEST_STEP][PASSED] - openBrowser(""): Browser is opened with url: ''

2020-05-13 19:21:54 - [MESSAGE][INFO] - Starting 'Chrome' driver

2020-05-13 19:21:54 - [MESSAGE][INFO] - Action delay is set to 0 milliseconds

2020-05-13 19:22:00 - [MESSAGE][PASSED] - Browser is opened with url: ''

2020-05-13 19:22:00 - [TEST_STEP][PASSED] - maximizeWindow(): Current window maximized

2020-05-13 19:22:02 - [MESSAGE][PASSED] - Current window maximized

2020-05-13 19:22:02 - [TEST_STEP][PASSED] - navigateToUrl("www.eenadu.net"): Navigate to 'http://www.eenadu.net' successfully

2020-05-13 19:22:08 - [MESSAGE][PASSED] - Navigate to 'http://www.eenadu.net' successfully

2020-05-13 19:22:08 - [TEST_STEP][PASSED] - closeBrowser(): Browser is closed

2020-05-13 19:22:08 - [MESSAGE][PASSED] - Browser is closed]]></system-out>
         <system-err><![CDATA[]]></system-err>
      </testcase>
      <testcase name="Test Cases/TC002" time="18.026" classname="Test Cases/TC002" status="PASSED">
         <system-out><![CDATA[2020-05-13 19:22:08 - [TEST_CASE][PASSED] - Test Cases/TC002: Test Cases/TC002

2020-05-13 19:22:09 - [TEST_STEP][PASSED] - openBrowser(""): Browser is opened with url: ''

2020-05-13 19:22:09 - [MESSAGE][INFO] - Starting 'Chrome' driver

2020-05-13 19:22:09 - [MESSAGE][INFO] - Action delay is set to 0 milliseconds

2020-05-13 19:22:13 - [MESSAGE][PASSED] - Browser is opened with url: ''

2020-05-13 19:22:13 - [TEST_STEP][PASSED] - maximizeWindow(): Current window maximized

2020-05-13 19:22:15 - [MESSAGE][PASSED] - Current window maximized

2020-05-13 19:22:15 - [TEST_STEP][PASSED] - navigateToUrl("ndtv.com"): Navigate to 'http://ndtv.com' successfully

2020-05-13 19:22:25 - [MESSAGE][PASSED] - Navigate to 'http://ndtv.com' successfully

2020-05-13 19:22:25 - [TEST_STEP][PASSED] - closeBrowser(): Browser is closed

2020-05-13 19:22:26 - [MESSAGE][PASSED] - Browser is closed]]></system-out>
         <system-err><![CDATA[]]></system-err>
      </testcase>
      <system-out><![CDATA[2020-05-13 19:21:52 - [TEST_SUITE][PASSED] - Test Suite -01: Test Cases/TC002]]></system-out>
      <system-err><![CDATA[]]></system-err>
   </testsuite>
</testsuites>
